<?xml version="1.0" encoding="UTF-8"?>
<testsuite name="Cucumber" time="411.03" tests="14" skipped="0" failures="1" errors="0" timestamp="2025-09-07T14:21:50.829188700Z">
<testcase classname="Checking add to cart functionality" name="add to cart" time="48.739">
<system-out><![CDATA[
Given Home page in default browser..........................................passed
When click on sign and signin with details..................................passed
And Add an item to cart.....................................................passed
Then close the popup........................................................passed
]]></system-out>
</testcase>
<testcase classname="Checkout functionality" name="checkout" time="44.169">
<failure type="org.openqa.selenium.TimeoutException" message="Expected condition failed: waiting for element to be clickable: By.id: downloadpdf (tried for 10 second(s) with 500 milliseconds interval)
Build info: version: '4.34.0', revision: '2a4c61c498'
System info: os.name: 'Windows 11', os.arch: 'amd64', os.version: '10.0', java.version: '21.0.7'
Driver info: org.openqa.selenium.chrome.ChromeDriver
Capabilities {acceptInsecureCerts: false, browserName: chrome, browserVersion: 140.0.7339.81, chrome: {chromedriverVersion: 140.0.7339.80 (670b6f192f46..., userDataDir: C:\Users\PBHARA~1\AppData\L...}, fedcm:accounts: true, goog:chromeOptions: {debuggerAddress: localhost:58401}, networkConnectionEnabled: false, pageLoadStrategy: normal, platformName: windows, proxy: Proxy(), se:cdp: ws://localhost:58401/devtoo..., se:cdpVersion: 140.0.7339.81, setWindowRect: true, strictFileInteractability: false, timeouts: {implicit: 0, pageLoad: 300000, script: 30000}, unhandledPromptBehavior: dismiss and notify, webauthn:extension:credBlob: true, webauthn:extension:largeBlob: true, webauthn:extension:minPinLength: true, webauthn:extension:prf: true, webauthn:virtualAuthenticators: true}
Session ID: 91656653499e1db15c8f46a3b53a4d2e">
<![CDATA[org.openqa.selenium.TimeoutException: Expected condition failed: waiting for element to be clickable: By.id: downloadpdf (tried for 10 second(s) with 500 milliseconds interval)
Build info: version: '4.34.0', revision: '2a4c61c498'
System info: os.name: 'Windows 11', os.arch: 'amd64', os.version: '10.0', java.version: '21.0.7'
Driver info: org.openqa.selenium.chrome.ChromeDriver
Capabilities {acceptInsecureCerts: false, browserName: chrome, browserVersion: 140.0.7339.81, chrome: {chromedriverVersion: 140.0.7339.80 (670b6f192f46..., userDataDir: C:\Users\PBHARA~1\AppData\L...}, fedcm:accounts: true, goog:chromeOptions: {debuggerAddress: localhost:58401}, networkConnectionEnabled: false, pageLoadStrategy: normal, platformName: windows, proxy: Proxy(), se:cdp: ws://localhost:58401/devtoo..., se:cdpVersion: 140.0.7339.81, setWindowRect: true, strictFileInteractability: false, timeouts: {implicit: 0, pageLoad: 300000, script: 30000}, unhandledPromptBehavior: dismiss and notify, webauthn:extension:credBlob: true, webauthn:extension:largeBlob: true, webauthn:extension:minPinLength: true, webauthn:extension:prf: true, webauthn:virtualAuthenticators: true}
Session ID: 91656653499e1db15c8f46a3b53a4d2e
	at org.openqa.selenium.support.ui.WebDriverWait.timeoutException(WebDriverWait.java:84)
	at org.openqa.selenium.support.ui.FluentWait.until(FluentWait.java:228)
	at StepDefinition.Pageclass.downloadPdf(Pageclass.java:168)
	at StepDefinition.Checkout.click_on_download_pdf(Checkout.java:44)
	at âœ½.click on download pdf(file:///C:/Users/P%20BHARATH/OneDrive/Desktop/java%20selenium/Capstone_Bstack/src/test/resources/Features/Checkout.feature:7)
]]>
</failure>
<system-out><![CDATA[
Given open homepage in the default browser window...........................passed
When click on signin link and then sign in..................................passed
And add a product to cart and click on checkout.............................passed
And add all information and click on continue...............................passed
And click on download pdf...................................................failed
And click on continue shopping..............................................skipped
Then close browser..........................................................skipped
]]></system-out>
</testcase>
<testcase classname="Checking favourites Section" name="Adding and removing items as favourites" time="25.314">
<system-out><![CDATA[
Given Home page should be opened in default browser.........................passed
When Click on signlink and signin...........................................passed
And add an item to favourites...............................................passed
And check in favourites section.............................................passed
And click on the logo.......................................................passed
And remove from favourites..................................................passed
Then close the driver.......................................................passed
]]></system-out>
</testcase>
<testcase classname="Checking Filters working or not" name="Filters" time="21.597">
<system-out><![CDATA[
Given open the homepage in default browser..................................passed
When selct multiple selections using dropdown...............................passed
Then close the driver2......................................................passed
]]></system-out>
</testcase>
<testcase classname="Checking Footer links" name="Footer links" time="44.022">
<system-out><![CDATA[
Given open homepage in defalt browser.......................................passed
When click on the link in footer............................................passed
Then print message..........................................................passed
]]></system-out>
</testcase>
<testcase classname="Header links" name="header links" time="21.613">
<system-out><![CDATA[
Given open website in default browser.......................................passed
When click on sign and signin...............................................passed
And navigate to offers......................................................passed
And navigate to favourites..................................................passed
And navigate to orders......................................................passed
Then close the browser4.....................................................passed
]]></system-out>
</testcase>
<testcase classname="Checking user login" name="Successful login" time="35.544">
<system-out><![CDATA[
Given Bstack website should be opened in default browser....................passed
And Click on signin link and add username and password......................passed
Then click on login button..................................................passed
]]></system-out>
</testcase>
<testcase classname="Logout Functionality" name="LOGOUT" time="21.137">
<system-out><![CDATA[
Given open browser stack website in default browser.........................passed
When click on signin and then signin........................................passed
And click on logout.........................................................passed
Then close the browser8.....................................................passed
]]></system-out>
</testcase>
<testcase classname="Remove from cart" name="Remove from cart" time="24.273">
<system-out><![CDATA[
Given Open homepage in default browser......................................passed
When click on sign in and then login........................................passed
And add an item to cart.....................................................passed
And remove the item from cart...............................................passed
Then close the cart popup...................................................passed
]]></system-out>
</testcase>
<testcase classname="Search Future" name="search feature - #1.1" time="24.974">
<system-out><![CDATA[
Given open home page in defaults browser1...................................passed
When go to Apple and add some text and click on search......................passed
Then close driver...........................................................passed
]]></system-out>
</testcase>
<testcase classname="Search Future" name="search feature - #1.2" time="28.38">
<system-out><![CDATA[
Given open home page in defaults browser1...................................passed
When go to Google and add some text and click on search.....................passed
Then close driver...........................................................passed
]]></system-out>
</testcase>
<testcase classname="Search Future" name="search feature - #1.3" time="21.507">
<system-out><![CDATA[
Given open home page in defaults browser1...................................passed
When go to Vivo and add some text and click on search.......................passed
Then close driver...........................................................passed
]]></system-out>
</testcase>
<testcase classname="Search Future" name="search feature - #1.4" time="25.072">
<system-out><![CDATA[
Given open home page in defaults browser1...................................passed
When go to Oppo and add some text and click on search.......................passed
Then close driver...........................................................passed
]]></system-out>
</testcase>
<testcase classname="Search Future" name="search feature - #1.5" time="24.4">
<system-out><![CDATA[
Given open home page in defaults browser1...................................passed
When go to Samsung and add some text and click on search....................passed
Then close driver...........................................................passed
]]></system-out>
</testcase>
</testsuite>
